This is pdfTeX, Version 3.141592653-2.6-1.40.24 (TeX Live 2022/Arch Linux) (preloaded format=pdflatex 2022.6.8)  8 JUN 2022 19:39
entering extended mode
 restricted \write18 enabled.
 file:line:error style messages enabled.
 %&-line parsing enabled.
**data-engineering.tex
(./data-engineering.tex
LaTeX2e <2021-11-15> patch level 1
L3 programming layer <2022-04-10> (/usr/share/texmf-dist/tex/latex/base/article.cls
Document Class: article 2021/10/04 v1.4n Standard LaTeX document class
(/usr/share/texmf-dist/tex/latex/base/size10.clo
File: size10.clo 2021/10/04 v1.4n Standard LaTeX file (size option)
)
\c@part=\count185
\c@section=\count186
\c@subsection=\count187
\c@subsubsection=\count188
\c@paragraph=\count189
\c@subparagraph=\count190
\c@figure=\count191
\c@table=\count192
\abovecaptionskip=\skip47
\belowcaptionskip=\skip48
\bibindent=\dimen138
) (/usr/share/texmf-dist/tex/latex/geometry/geometry.sty
Package: geometry 2020/01/02 v5.9 Page Geometry
 (/usr/share/texmf-dist/tex/latex/graphics/keyval.sty
Package: keyval 2014/10/28 v1.15 key=value parser (DPC)
\KV@toks@=\toks16
) (/usr/share/texmf-dist/tex/generic/iftex/ifvtex.sty
Package: ifvtex 2019/10/25 v1.7 ifvtex legacy package. Use iftex instead.
 (/usr/share/texmf-dist/tex/generic/iftex/iftex.sty
Package: iftex 2022/02/03 v1.0f TeX engine tests
))
\Gm@cnth=\count193
\Gm@cntv=\count194
\c@Gm@tempcnt=\count195
\Gm@bindingoffset=\dimen139
\Gm@wd@mp=\dimen140
\Gm@odd@mp=\dimen141
\Gm@even@mp=\dimen142
\Gm@layoutwidth=\dimen143
\Gm@layoutheight=\dimen144
\Gm@layouthoffset=\dimen145
\Gm@layoutvoffset=\dimen146
\Gm@dimlist=\toks17
) (/usr/share/texmf-dist/tex/latex/ragged2e/ragged2e.sty
Package: ragged2e 2021/12/15 v3.1 ragged2e Package
 (/usr/share/texmf-dist/tex/latex/footmisc/footmisc.sty
Package: footmisc 2022/03/08 v6.0d a miscellany of footnote facilities
\FN@temptoken=\toks18
\footnotemargin=\dimen147
\@outputbox@depth=\dimen148
Package footmisc Info: Declaring symbol style bringhurst on input line 695.
Package footmisc Info: Declaring symbol style chicago on input line 703.
Package footmisc Info: Declaring symbol style wiley on input line 712.
Package footmisc Info: Declaring symbol style lamport-robust on input line 723.
Package footmisc Info: Declaring symbol style lamport* on input line 743.
Package footmisc Info: Declaring symbol style lamport*-robust on input line 764.
)
\CenteringLeftskip=\skip49
\RaggedLeftLeftskip=\skip50
\RaggedRightLeftskip=\skip51
\CenteringRightskip=\skip52
\RaggedLeftRightskip=\skip53
\RaggedRightRightskip=\skip54
\CenteringParfillskip=\skip55
\RaggedLeftParfillskip=\skip56
\RaggedRightParfillskip=\skip57
\JustifyingParfillskip=\skip58
\CenteringParindent=\skip59
\RaggedLeftParindent=\skip60
\RaggedRightParindent=\skip61
\JustifyingParindent=\skip62
) (/usr/share/texmf-dist/tex/latex/graphics/graphicx.sty
Package: graphicx 2021/09/16 v1.2d Enhanced LaTeX Graphics (DPC,SPQR)
 (/usr/share/texmf-dist/tex/latex/graphics/graphics.sty
Package: graphics 2021/03/04 v1.4d Standard LaTeX Graphics (DPC,SPQR)
 (/usr/share/texmf-dist/tex/latex/graphics/trig.sty
Package: trig 2021/08/11 v1.11 sin cos tan (DPC)
) (/usr/share/texmf-dist/tex/latex/graphics-cfg/graphics.cfg
File: graphics.cfg 2016/06/04 v1.11 sample graphics configuration
)
Package graphics Info: Driver file: pdftex.def on input line 107.
 (/usr/share/texmf-dist/tex/latex/graphics-def/pdftex.def
File: pdftex.def 2020/10/05 v1.2a Graphics/color driver for pdftex
))
\Gin@req@height=\dimen149
\Gin@req@width=\dimen150
) (/usr/share/texmf-dist/tex/latex/tools/array.sty
Package: array 2021/10/04 v2.5f Tabular extension package (FMi)
\col@sep=\dimen151
\ar@mcellbox=\box50
\extrarowheight=\dimen152
\NC@list=\toks19
\extratabsurround=\skip63
\backup@length=\skip64
\ar@cellbox=\box51
) (/usr/share/texmf-dist/tex/latex/makecell/makecell.sty
Package: makecell 2009/08/03 V0.1e Managing of Tab Column Heads and Cells
\rotheadsize=\dimen153
\c@nlinenum=\count196
\TeXr@lab=\toks20
) (/usr/share/texmf-dist/tex/latex/fira/FiraMono.sty
Package: FiraMono 2019/10/10 (Bob Tennent and autoinst) Style file for Fira Mono fonts.
 (/usr/share/texmf-dist/tex/generic/iftex/ifxetex.sty
Package: ifxetex 2019/10/25 v0.7 ifxetex legacy package. Use iftex instead.
) (/usr/share/texmf-dist/tex/generic/iftex/ifluatex.sty
Package: ifluatex 2019/10/25 v1.5 ifluatex legacy package. Use iftex instead.
) (/usr/share/texmf-dist/tex/latex/xkeyval/xkeyval.sty
Package: xkeyval 2020/11/20 v2.8 package option processing (HA)
 (/usr/share/texmf-dist/tex/generic/xkeyval/xkeyval.tex (/usr/share/texmf-dist/tex/generic/xkeyval/xkvutils.tex
\XKV@toks=\toks21
\XKV@tempa@toks=\toks22
)
\XKV@depth=\count197
File: xkeyval.tex 2014/12/03 v2.7a key=value parser (HA)
)) (/usr/share/texmf-dist/tex/latex/base/textcomp.sty
Package: textcomp 2020/02/02 v2.0n Standard LaTeX package
) (/usr/share/texmf-dist/tex/latex/base/fontenc.sty
Package: fontenc 2021/04/29 v2.0v Standard LaTeX package
) (/usr/share/texmf-dist/tex/latex/fontaxes/fontaxes.sty
Package: fontaxes 2020/07/21 v1.0e Font selection axes
LaTeX Info: Redefining \upshape on input line 29.
LaTeX Info: Redefining \itshape on input line 31.
LaTeX Info: Redefining \slshape on input line 33.
LaTeX Info: Redefining \swshape on input line 35.
LaTeX Info: Redefining \scshape on input line 37.
LaTeX Info: Redefining \sscshape on input line 39.
LaTeX Info: Redefining \ulcshape on input line 41.
LaTeX Info: Redefining \textsw on input line 47.
LaTeX Info: Redefining \textssc on input line 48.
LaTeX Info: Redefining \textulc on input line 49.
)) (/usr/share/texmf-dist/tex/latex/tabulary/tabulary.sty
Package: tabulary 2014/06/11 v0.10 tabulary package (DPC)
\TY@count=\count198
\TY@linewidth=\dimen154
\tymin=\dimen155
\tymax=\dimen156
\TY@tablewidth=\dimen157
) (/usr/share/texmf-dist/tex/latex/l3backend/l3backend-pdftex.def
File: l3backend-pdftex.def 2022-04-14 L3 backend support: PDF output (pdfTeX)
\l__color_backend_stack_int=\count199
\l__pdf_internal_box=\box52
) (./data-engineering.aux)
\openout1 = `data-engineering.aux'.

LaTeX Font Info:    Checking defaults for OML/cmm/m/it on input line 16.
LaTeX Font Info:    ... okay on input line 16.
LaTeX Font Info:    Checking defaults for OMS/cmsy/m/n on input line 16.
LaTeX Font Info:    ... okay on input line 16.
LaTeX Font Info:    Checking defaults for OT1/cmr/m/n on input line 16.
LaTeX Font Info:    ... okay on input line 16.
LaTeX Font Info:    Checking defaults for T1/cmr/m/n on input line 16.
LaTeX Font Info:    ... okay on input line 16.
LaTeX Font Info:    Checking defaults for TS1/cmr/m/n on input line 16.
LaTeX Font Info:    ... okay on input line 16.
LaTeX Font Info:    Checking defaults for OMX/cmex/m/n on input line 16.
LaTeX Font Info:    ... okay on input line 16.
LaTeX Font Info:    Checking defaults for U/cmr/m/n on input line 16.
LaTeX Font Info:    ... okay on input line 16.

*geometry* driver: auto-detecting
*geometry* detected driver: pdftex
*geometry* verbose mode - [ preamble ] result:
* driver: pdftex
* paper: <default>
* layout: <same size as paper>
* layoutoffset:(h,v)=(0.0pt,0.0pt)
* modes: 
* h-part:(L,W,R)=(0.0pt, 614.295pt, 0.0pt)
* v-part:(T,H,B)=(0.0pt, 794.96999pt, 0.0pt)
* \paperwidth=614.295pt
* \paperheight=794.96999pt
* \textwidth=614.295pt
* \textheight=794.96999pt
* \oddsidemargin=-72.26999pt
* \evensidemargin=-72.26999pt
* \topmargin=-109.26999pt
* \headheight=12.0pt
* \headsep=25.0pt
* \topskip=10.0pt
* \footskip=30.0pt
* \marginparwidth=65.0pt
* \marginparsep=11.0pt
* \columnsep=10.0pt
* \skip\footins=9.0pt plus 4.0pt minus 2.0pt
* \hoffset=0.0pt
* \voffset=0.0pt
* \mag=1000
* \@twocolumnfalse
* \@twosidefalse
* \@mparswitchfalse
* \@reversemarginfalse
* (1in=72.27pt=25.4mm, 1cm=28.453pt)

Package ragged2e Info: ABD: executing \RaggedRight on input line 16.
(/usr/share/texmf-dist/tex/context/base/mkii/supp-pdf.mkii
[Loading MPS to PDF converter (version 2006.09.02).]
\scratchcounter=\count266
\scratchdimen=\dimen158
\scratchbox=\box53
\nofMPsegments=\count267
\nofMParguments=\count268
\everyMPshowfont=\toks23
\MPscratchCnt=\count269
\MPscratchDim=\dimen159
\MPnumerator=\count270
\makeMPintoPDFobject=\count271
\everyMPtoPDFconversion=\toks24
) (/usr/share/texmf-dist/tex/latex/epstopdf-pkg/epstopdf-base.sty
Package: epstopdf-base 2020-01-24 v2.11 Base part for package epstopdf
Package epstopdf-base Info: Redefining graphics rule for `.eps' on input line 485.
 (/usr/share/texmf-dist/tex/latex/latexconfig/epstopdf-sys.cfg
File: epstopdf-sys.cfg 2010/07/13 v1.3 Configuration of (r)epstopdf for TeX Live
))
\c@mv@tabular=\count272
\c@mv@boldtabular=\count273
LaTeX Font Info:    External font `cmex10' loaded for size
(Font)              <5> on input line 21.
<./Pictures//220607-3.png, id=1, 451.6875pt x 252.945pt>
File: ./Pictures//220607-3.png Graphic file (type png)
<use ./Pictures//220607-3.png>
Package pdftex.def Info: ./Pictures//220607-3.png  used on input line 61.
(pdftex.def)             Requested size: 135.5073pt x 75.88408pt.
<./Pictures//220608-2.png, id=3, 451.6875pt x 323.70938pt>
File: ./Pictures//220608-2.png Graphic file (type png)
<use ./Pictures//220608-2.png>
Package pdftex.def Info: ./Pictures//220608-2.png  used on input line 65.
(pdftex.def)             Requested size: 135.5073pt x 97.11356pt.
<./Pictures//220608-3.png, id=4, 473.51906pt x 143.03438pt>
File: ./Pictures//220608-3.png Graphic file (type png)
<use ./Pictures//220608-3.png>
Package pdftex.def Info: ./Pictures//220608-3.png  used on input line 65.
(pdftex.def)             Requested size: 142.05681pt x 42.91063pt.
<./Pictures//220608-4.png, id=5, 445.665pt x 143.03438pt>
File: ./Pictures//220608-4.png Graphic file (type png)
<use ./Pictures//220608-4.png>
Package pdftex.def Info: ./Pictures//220608-4.png  used on input line 67.
(pdftex.def)             Requested size: 133.70053pt x 42.91063pt.
<./Pictures//220608-5.png, id=6, 376.40625pt x 194.22563pt>
File: ./Pictures//220608-5.png Graphic file (type png)
<use ./Pictures//220608-5.png>
Package pdftex.def Info: ./Pictures//220608-5.png  used on input line 67.
(pdftex.def)             Requested size: 112.92273pt x 58.26813pt.
<./Pictures//220608-6.png, id=7, 376.40625pt x 67.75313pt>
File: ./Pictures//220608-6.png Graphic file (type png)
<use ./Pictures//220608-6.png>
Package pdftex.def Info: ./Pictures//220608-6.png  used on input line 67.
(pdftex.def)             Requested size: 112.92273pt x 20.32608pt.
<./Pictures//220607-1.png, id=8, 560.0925pt x 227.34938pt>
File: ./Pictures//220607-1.png Graphic file (type png)
<use ./Pictures//220607-1.png>
Package pdftex.def Info: ./Pictures//220607-1.png  used on input line 72.
(pdftex.def)             Requested size: 168.02904pt x 68.20534pt.
<./Pictures//220607-2.png, id=9, 492.33937pt x 118.94438pt>
File: ./Pictures//220607-2.png Graphic file (type png)
<use ./Pictures//220607-2.png>
Package pdftex.def Info: ./Pictures//220607-2.png  used on input line 77.
(pdftex.def)             Requested size: 147.70294pt x 35.68358pt.
<./Pictures//220607-4.png, id=10, 656.4525pt x 318.43968pt>
File: ./Pictures//220607-4.png Graphic file (type png)
<use ./Pictures//220607-4.png>
Package pdftex.def Info: ./Pictures//220607-4.png  used on input line 81.
(pdftex.def)             Requested size: 196.93727pt x 95.53264pt.
<./Pictures//220607-5.png, id=11, 527.72156pt x 172.39406pt>
File: ./Pictures//220607-5.png Graphic file (type png)
<use ./Pictures//220607-5.png>
Package pdftex.def Info: ./Pictures//220607-5.png  used on input line 87.
(pdftex.def)             Requested size: 158.31769pt x 51.71861pt.
<./Pictures//220607-6.png, id=12, 376.40625pt x 94.85437pt>
File: ./Pictures//220607-6.png Graphic file (type png)
<use ./Pictures//220607-6.png>
Package pdftex.def Info: ./Pictures//220607-6.png  used on input line 89.
(pdftex.def)             Requested size: 112.92273pt x 28.45651pt.
<./Pictures//220607-7.png, id=13, 526.96875pt x 219.06844pt>
File: ./Pictures//220607-7.png Graphic file (type png)
<use ./Pictures//220607-7.png>
Package pdftex.def Info: ./Pictures//220607-7.png  used on input line 89.
(pdftex.def)             Requested size: 158.09184pt x 65.72102pt.
<./Pictures//220607-8.png, id=14, 338.76563pt x 224.33812pt>
File: ./Pictures//220607-8.png Graphic file (type png)
<use ./Pictures//220607-8.png>
Package pdftex.def Info: ./Pictures//220607-8.png  used on input line 89.
(pdftex.def)             Requested size: 101.63046pt x 67.30194pt.
<./Pictures//220607-10.png, id=15, 263.48438pt x 201.00093pt>
File: ./Pictures//220607-10.png Graphic file (type png)
<use ./Pictures//220607-10.png>
Package pdftex.def Info: ./Pictures//220607-10.png  used on input line 89.
(pdftex.def)             Requested size: 79.04591pt x 60.30074pt.
<./Pictures//220607-9.png, id=16, 359.84438pt x 209.28188pt>
File: ./Pictures//220607-9.png Graphic file (type png)
<use ./Pictures//220607-9.png>
Package pdftex.def Info: ./Pictures//220607-9.png  used on input line 89.
(pdftex.def)             Requested size: 107.95413pt x 62.78503pt.
<./Pictures//220607-11.png, id=17, 359.84438pt x 267.24844pt>
File: ./Pictures//220607-11.png Graphic file (type png)
<use ./Pictures//220607-11.png>
Package pdftex.def Info: ./Pictures//220607-11.png  used on input line 89.
(pdftex.def)             Requested size: 107.95413pt x 80.17514pt.
<./Pictures//220608-1.png, id=18, 526.96875pt x 349.305pt>
File: ./Pictures//220608-1.png Graphic file (type png)
<use ./Pictures//220608-1.png>
Package pdftex.def Info: ./Pictures//220608-1.png  used on input line 106.
(pdftex.def)             Requested size: 158.09184pt x 104.7923pt.
<./Pictures//220608-12.png, id=19, 293.59688pt x 118.94438pt>
File: ./Pictures//220608-12.png Graphic file (type png)
<use ./Pictures//220608-12.png>
Package pdftex.def Info: ./Pictures//220608-12.png  used on input line 124.
(pdftex.def)             Requested size: 88.07973pt x 35.68358pt.
<./Pictures//220608-7.png, id=20, 564.60938pt x 199.49532pt>
File: ./Pictures//220608-7.png Graphic file (type png)
<use ./Pictures//220608-7.png>
Package pdftex.def Info: ./Pictures//220608-7.png  used on input line 136.
(pdftex.def)             Requested size: 169.38411pt x 59.84904pt.
<./Pictures//220608-8.png, id=21, 521.69907pt x 224.33812pt>
File: ./Pictures//220608-8.png Graphic file (type png)
<use ./Pictures//220608-8.png>
Package pdftex.def Info: ./Pictures//220608-8.png  used on input line 136.
(pdftex.def)             Requested size: 156.51093pt x 67.30194pt.

Overfull \hbox (9.90036pt too wide) in paragraph at lines 21--171
[] 
 []

[1

{/var/lib/texmf/fonts/map/pdftex/updmap/pdftex.map} <./Pictures//220607-3.png> <./Pictures//220608-2.png> <./Pictures//220608-3.png> <./Pictures//220608-4.png> <./Pictures//220608-5.png> <./Pictures//220608-6.png> <./Pictures//220607-1.png (PNG copy)> <./Pictures//220607-2.png (PNG copy)> <./Pictures//220607-4.png> <./Pictures//220607-5.png (PNG copy)> <./Pictures//220607-6.png> <./Pictures//220607-7.png> <./Pictures//220607-8.png> <./Pictures//220607-10.png> <./Pictures//220607-9.png> <./Pictures//220607-11.png> <./Pictures//220608-1.png> <./Pictures//220608-12.png> <./Pictures//220608-7.png> <./Pictures//220608-8.png>]
<./Pictures//220608-13.png, id=49, 657.2053pt x 410.2828pt>
File: ./Pictures//220608-13.png Graphic file (type png)
<use ./Pictures//220608-13.png>
Package pdftex.def Info: ./Pictures//220608-13.png  used on input line 202.
(pdftex.def)             Requested size: 197.1631pt x 123.08578pt.
<./Pictures//220608-14.png, id=50, 680.5425pt x 415.5525pt>
File: ./Pictures//220608-14.png Graphic file (type png)
<use ./Pictures//220608-14.png>
Package pdftex.def Info: ./Pictures//220608-14.png  used on input line 202.
(pdftex.def)             Requested size: 204.16432pt x 124.6667pt.
 [2 <./Pictures//220608-13.png (PNG copy)> <./Pictures//220608-14.png (PNG copy)>] [3]
<./Pictures//220608-9.png, id=57, 545.03625pt x 175.40532pt>
File: ./Pictures//220608-9.png Graphic file (type png)
<use ./Pictures//220608-9.png>
Package pdftex.def Info: ./Pictures//220608-9.png  used on input line 271.
(pdftex.def)             Requested size: 163.51213pt x 52.622pt.
<./Pictures//220608-10.png, id=58, 414.04688pt x 283.81032pt>
File: ./Pictures//220608-10.png Graphic file (type png)
<use ./Pictures//220608-10.png>
Package pdftex.def Info: ./Pictures//220608-10.png  used on input line 275.
(pdftex.def)             Requested size: 124.21501pt x 85.14374pt.
<./Pictures//220608-11.png, id=59, 679.03688pt x 292.84406pt>
File: ./Pictures//220608-11.png Graphic file (type png)
<use ./Pictures//220608-11.png>
Package pdftex.def Info: ./Pictures//220608-11.png  used on input line 275.
(pdftex.def)             Requested size: 203.71263pt x 87.85388pt.
 [4 <./Pictures//220608-9.png> <./Pictures//220608-10.png> <./Pictures//220608-11.png (PNG copy)>] (./data-engineering.aux) ) 
Here is how much of TeX's memory you used:
 3398 strings out of 478238
 57952 string characters out of 5850457
 393219 words of memory out of 5000000
 21621 multiletter control sequences out of 15000+600000
 470249 words of font info for 31 fonts, out of 8000000 for 9000
 1141 hyphenation exceptions out of 8191
 55i,26n,62p,261b,584s stack positions out of 5000i,500n,10000p,200000b,80000s
{/usr/share/texmf-dist/fonts/enc/dvips/cm-super/cm-super-ts1.enc}</usr/share/texmf-dist/fonts/type1/public/amsfonts/cm/cmbx5.pfb></usr/share/texmf-dist/fonts/type1/public/amsfonts/cm/cmr10.pfb></usr/share/texmf-dist/fonts/type1/public/amsfonts/cm/cmr5.pfb></usr/share/texmf-dist/fonts/type1/public/cm-super/sfbx0500.pfb></usr/share/texmf-dist/fonts/type1/public/cm-super/sfrm0500.pfb>
Output written on data-engineering.pdf (4 pages, 1519493 bytes).
PDF statistics:
 88 PDF objects out of 1000 (max. 8388607)
 27 compressed objects within 1 object stream
 0 named destinations out of 1000 (max. 500000)
 126 words of extra memory for PDF output out of 10000 (max. 10000000)

